{
  "/Users/sahanweerakkody/dev/take-home-assignments/home24-bxp/src/components/LoginForm.tsx": {
    "path": "/Users/sahanweerakkody/dev/take-home-assignments/home24-bxp/src/components/LoginForm.tsx",
    "statementMap": {
      "0": { "start": { "line": 1, "column": 0 }, "end": { "line": 1, "column": 52 } },
      "1": { "start": { "line": 2, "column": 0 }, "end": { "line": 2, "column": 33 } },
      "2": { "start": { "line": 3, "column": 0 }, "end": { "line": 3, "column": 47 } },
      "3": { "start": { "line": 6, "column": 0 }, "end": { "line": 6, "column": 44 } },
      "4": { "start": { "line": 7, "column": 0 }, "end": { "line": 7, "column": 50 } },
      "5": { "start": { "line": 10, "column": 19 }, "end": { "line": 10, "column": 32 } },
      "6": { "start": { "line": 12, "column": 38 }, "end": { "line": 12, "column": 62 } },
      "7": { "start": { "line": 14, "column": 19 }, "end": { "line": 36, "column": 3 } },
      "8": { "start": { "line": 15, "column": 4 }, "end": { "line": 15, "column": 25 } },
      "9": { "start": { "line": 16, "column": 4 }, "end": { "line": 35, "column": null } },
      "10": { "start": { "line": 17, "column": 23 }, "end": { "line": 21, "column": 8 } },
      "11": { "start": { "line": 23, "column": 6 }, "end": { "line": 26, "column": null } },
      "12": { "start": { "line": 24, "column": 21 }, "end": { "line": 24, "column": 42 } },
      "13": { "start": { "line": 25, "column": 8 }, "end": { "line": 25, "column": 56 } },
      "14": { "start": { "line": 28, "column": 19 }, "end": { "line": 28, "column": 40 } },
      "15": { "start": { "line": 29, "column": 6 }, "end": { "line": 29, "column": 48 } },
      "16": { "start": { "line": 30, "column": 6 }, "end": { "line": 30, "column": 49 } },
      "17": { "start": { "line": 31, "column": 6 }, "end": { "line": 31, "column": 32 } },
      "18": { "start": { "line": 33, "column": 6 }, "end": { "line": 33, "column": 26 } },
      "19": { "start": { "line": 34, "column": 6 }, "end": { "line": 34, "column": 25 } },
      "20": { "start": { "line": 38, "column": 2 }, "end": { "line": 83, "column": 4 } },
      "21": { "start": { "line": 9, "column": 0 }, "end": { "line": 9, "column": 24 } }
    },
    "fnMap": {
      "0": {
        "name": "LoginForm",
        "decl": { "start": { "line": 9, "column": 24 }, "end": { "line": 9, "column": 33 } },
        "loc": { "start": { "line": 9, "column": 33 }, "end": { "line": 84, "column": 1 } }
      },
      "1": {
        "name": "(anonymous_1)",
        "decl": { "start": { "line": 14, "column": 19 }, "end": { "line": 14, "column": 24 } },
        "loc": { "start": { "line": 14, "column": 53 }, "end": { "line": 36, "column": 3 } }
      }
    },
    "branchMap": {
      "0": {
        "loc": { "start": { "line": 23, "column": 6 }, "end": { "line": 26, "column": null } },
        "type": "if",
        "locations": [
          { "start": { "line": 23, "column": 6 }, "end": { "line": 26, "column": null } }
        ]
      },
      "1": {
        "loc": { "start": { "line": 25, "column": 24 }, "end": { "line": 25, "column": 54 } },
        "type": "binary-expr",
        "locations": [
          { "start": { "line": 25, "column": 24 }, "end": { "line": 25, "column": 36 } },
          { "start": { "line": 25, "column": 40 }, "end": { "line": 25, "column": 54 } }
        ]
      },
      "2": {
        "loc": { "start": { "line": 65, "column": 7 }, "end": { "line": 68, "column": null } },
        "type": "binary-expr",
        "locations": [
          { "start": { "line": 65, "column": 7 }, "end": { "line": 65, "column": 17 } },
          { "start": { "line": 66, "column": 8 }, "end": { "line": 66, "column": null } }
        ]
      }
    },
    "s": {
      "0": 2,
      "1": 2,
      "2": 2,
      "3": 2,
      "4": 2,
      "5": 6,
      "6": 6,
      "7": 6,
      "8": 2,
      "9": 2,
      "10": 2,
      "11": 2,
      "12": 1,
      "13": 1,
      "14": 1,
      "15": 1,
      "16": 1,
      "17": 1,
      "18": 1,
      "19": 1,
      "20": 6,
      "21": 2
    },
    "f": { "0": 6, "1": 2 },
    "b": { "0": [1], "1": [1, 0], "2": [6, 1] }
  },
  "/Users/sahanweerakkody/dev/take-home-assignments/home24-bxp/src/pages/LoginPage.tsx": {
    "path": "/Users/sahanweerakkody/dev/take-home-assignments/home24-bxp/src/pages/LoginPage.tsx",
    "statementMap": {
      "0": { "start": { "line": 1, "column": 0 }, "end": { "line": 1, "column": 44 } },
      "1": { "start": { "line": 2, "column": 0 }, "end": { "line": 2, "column": 47 } },
      "2": { "start": { "line": 5, "column": 2 }, "end": { "line": 12, "column": 4 } },
      "3": { "start": { "line": 4, "column": 0 }, "end": { "line": 4, "column": 24 } }
    },
    "fnMap": {
      "0": {
        "name": "LoginPage",
        "decl": { "start": { "line": 4, "column": 24 }, "end": { "line": 4, "column": 33 } },
        "loc": { "start": { "line": 4, "column": 33 }, "end": { "line": 13, "column": 1 } }
      }
    },
    "branchMap": {},
    "s": { "0": 1, "1": 1, "2": 1, "3": 1 },
    "f": { "0": 1 },
    "b": {}
  },
  "/Users/sahanweerakkody/dev/take-home-assignments/home24-bxp/src/utils/api.ts": {
    "path": "/Users/sahanweerakkody/dev/take-home-assignments/home24-bxp/src/utils/api.ts",
    "statementMap": {
      "0": { "start": { "line": 4, "column": 2 }, "end": { "line": 6, "column": null } },
      "1": { "start": { "line": 5, "column": 4 }, "end": { "line": 5, "column": 72 } },
      "2": { "start": { "line": 8, "column": 2 }, "end": { "line": 23, "column": null } },
      "3": { "start": { "line": 9, "column": 4 }, "end": { "line": 22, "column": null } },
      "4": { "start": { "line": 13, "column": 22 }, "end": { "line": 13, "column": 43 } },
      "5": { "start": { "line": 14, "column": 6 }, "end": { "line": 14, "column": 49 } },
      "6": { "start": { "line": 16, "column": 6 }, "end": { "line": 18, "column": null } },
      "7": { "start": { "line": 17, "column": 8 }, "end": { "line": 17, "column": 53 } },
      "8": { "start": { "line": 21, "column": 6 }, "end": { "line": 21, "column": 23 } },
      "9": { "start": { "line": 25, "column": 2 }, "end": { "line": 25, "column": 27 } },
      "10": { "start": { "line": 3, "column": 0 }, "end": { "line": 3, "column": 16 } }
    },
    "fnMap": {
      "0": {
        "name": "getApiBaseUrl",
        "decl": { "start": { "line": 3, "column": 16 }, "end": { "line": 3, "column": 29 } },
        "loc": { "start": { "line": 3, "column": 29 }, "end": { "line": 26, "column": 1 } }
      }
    },
    "branchMap": {
      "0": {
        "loc": { "start": { "line": 4, "column": 2 }, "end": { "line": 6, "column": null } },
        "type": "if",
        "locations": [{ "start": { "line": 4, "column": 2 }, "end": { "line": 6, "column": null } }]
      },
      "1": {
        "loc": { "start": { "line": 4, "column": 6 }, "end": { "line": 4, "column": 71 } },
        "type": "binary-expr",
        "locations": [
          { "start": { "line": 4, "column": 6 }, "end": { "line": 4, "column": 36 } },
          { "start": { "line": 4, "column": 40 }, "end": { "line": 4, "column": 71 } }
        ]
      },
      "2": {
        "loc": { "start": { "line": 5, "column": 11 }, "end": { "line": 5, "column": 71 } },
        "type": "binary-expr",
        "locations": [
          { "start": { "line": 5, "column": 11 }, "end": { "line": 5, "column": 40 } },
          { "start": { "line": 5, "column": 44 }, "end": { "line": 5, "column": 71 } }
        ]
      },
      "3": {
        "loc": { "start": { "line": 8, "column": 2 }, "end": { "line": 23, "column": null } },
        "type": "if",
        "locations": [
          { "start": { "line": 8, "column": 2 }, "end": { "line": 23, "column": null } }
        ]
      },
      "4": {
        "loc": { "start": { "line": 14, "column": 16 }, "end": { "line": 14, "column": 48 } },
        "type": "binary-expr",
        "locations": [
          { "start": { "line": 14, "column": 16 }, "end": { "line": 14, "column": 38 } },
          { "start": { "line": 14, "column": 42 }, "end": { "line": 14, "column": 48 } }
        ]
      },
      "5": {
        "loc": { "start": { "line": 16, "column": 6 }, "end": { "line": 18, "column": null } },
        "type": "if",
        "locations": [
          { "start": { "line": 16, "column": 6 }, "end": { "line": 18, "column": null } }
        ]
      },
      "6": {
        "loc": { "start": { "line": 16, "column": 10 }, "end": { "line": 16, "column": 51 } },
        "type": "binary-expr",
        "locations": [
          { "start": { "line": 16, "column": 10 }, "end": { "line": 16, "column": 33 } },
          { "start": { "line": 16, "column": 37 }, "end": { "line": 16, "column": 51 } }
        ]
      },
      "7": {
        "loc": { "start": { "line": 25, "column": 9 }, "end": { "line": 25, "column": 26 } },
        "type": "binary-expr",
        "locations": [
          { "start": { "line": 25, "column": 9 }, "end": { "line": 25, "column": 16 } },
          { "start": { "line": 25, "column": 20 }, "end": { "line": 25, "column": 26 } }
        ]
      }
    },
    "s": {
      "0": 2,
      "1": 2,
      "2": 0,
      "3": 0,
      "4": 0,
      "5": 0,
      "6": 0,
      "7": 0,
      "8": 0,
      "9": 0,
      "10": 2
    },
    "f": { "0": 2 },
    "b": {
      "0": [2],
      "1": [2, 2],
      "2": [2, 0],
      "3": [0],
      "4": [0, 0],
      "5": [0],
      "6": [0, 0],
      "7": [0, 0]
    }
  },
  "/Users/sahanweerakkody/dev/take-home-assignments/home24-bxp/src/utils/handleError.ts": {
    "path": "/Users/sahanweerakkody/dev/take-home-assignments/home24-bxp/src/utils/handleError.ts",
    "statementMap": {
      "0": { "start": { "line": 1, "column": 0 }, "end": { "line": 1, "column": 31 } },
      "1": { "start": { "line": 4, "column": 2 }, "end": { "line": 8, "column": null } },
      "2": { "start": { "line": 5, "column": 4 }, "end": { "line": 5, "column": 33 } },
      "3": { "start": { "line": 7, "column": 4 }, "end": { "line": 7, "column": 42 } },
      "4": { "start": { "line": 3, "column": 0 }, "end": { "line": 3, "column": 16 } }
    },
    "fnMap": {
      "0": {
        "name": "handleError",
        "decl": { "start": { "line": 3, "column": 16 }, "end": { "line": 3, "column": 27 } },
        "loc": { "start": { "line": 3, "column": 42 }, "end": { "line": 9, "column": 1 } }
      }
    },
    "branchMap": {
      "0": {
        "loc": { "start": { "line": 4, "column": 2 }, "end": { "line": 8, "column": null } },
        "type": "if",
        "locations": [
          { "start": { "line": 4, "column": 2 }, "end": { "line": 8, "column": null } },
          { "start": { "line": 6, "column": 9 }, "end": { "line": 8, "column": null } }
        ]
      }
    },
    "s": { "0": 2, "1": 1, "2": 1, "3": 0, "4": 2 },
    "f": { "0": 1 },
    "b": { "0": [1, 0] }
  }
}
