TN:
SF:src/components/LoginForm.tsx
FN:9,LoginForm
FN:14,(anonymous_1)
FNF:2
FNH:2
FNDA:6,LoginForm
FNDA:2,(anonymous_1)
DA:1,2
DA:2,2
DA:3,2
DA:6,2
DA:7,2
DA:9,2
DA:10,6
DA:12,6
DA:14,6
DA:15,2
DA:16,2
DA:17,2
DA:23,2
DA:24,1
DA:25,1
DA:28,1
DA:29,1
DA:30,1
DA:31,1
DA:33,1
DA:34,1
DA:38,6
LF:22
LH:22
BRDA:23,0,0,1
BRDA:25,1,0,1
BRDA:25,1,1,0
BRDA:65,2,0,6
BRDA:65,2,1,1
BRF:5
BRH:4
end_of_record
TN:
SF:src/pages/LoginPage.tsx
FN:4,LoginPage
FNF:1
FNH:1
FNDA:1,LoginPage
DA:1,1
DA:2,1
DA:4,1
DA:5,1
LF:4
LH:4
BRF:0
BRH:0
end_of_record
TN:
SF:src/utils/api.ts
FN:3,getApiBaseUrl
FNF:1
FNH:1
FNDA:2,getApiBaseUrl
DA:3,2
DA:4,2
DA:5,2
DA:8,0
DA:9,0
DA:13,0
DA:14,0
DA:16,0
DA:17,0
DA:21,0
DA:25,0
LF:11
LH:3
BRDA:4,0,0,2
BRDA:4,1,0,2
BRDA:4,1,1,2
BRDA:5,2,0,2
BRDA:5,2,1,0
BRDA:8,3,0,0
BRDA:14,4,0,0
BRDA:14,4,1,0
BRDA:16,5,0,0
BRDA:16,6,0,0
BRDA:16,6,1,0
BRDA:25,7,0,0
BRDA:25,7,1,0
BRF:13
BRH:4
end_of_record
TN:
SF:src/utils/handleError.ts
FN:3,handleError
FNF:1
FNH:1
FNDA:1,handleError
DA:1,2
DA:3,2
DA:4,1
DA:5,1
DA:7,0
LF:5
LH:4
BRDA:4,0,0,1
BRDA:4,0,1,0
BRF:2
BRH:1
end_of_record
